<?xml version="1.0" encoding="UTF-8"?>
<!-- Generated by org.testng.reporters.JUnitReportReporter -->
<testsuite skipped="0" hostname="VAIO" name="example.TestCasesForPC" tests="4" failures="0" timestamp="2020-12-13T14:30:39 IST" time="94.008" errors="0">
  <testcase name="test04_HyperlinkText" time="14.245" classname="example.TestCasesForPC"/>
  <system-out/>
  <testcase name="test01_Verify_Logo" time="16.903" classname="example.TestCasesForPC"/>
  <system-out/>
  <testcase name="test02_ContactUs_SeeForYouselfButton" time="21.514" classname="example.TestCasesForPC"/>
  <system-out/>
  <testcase name="test03_Click_On_Map_Maker_Tab" time="41.346" classname="example.TestCasesForPC"/>
  <system-out/>
</testsuite> <!-- example.TestCasesForPC -->
