<?xml version="1.0" encoding="UTF-8"?>
<!-- Generated by org.testng.reporters.JUnitReportReporter -->
<testsuite skipped="0" hostname="VAIO" name="testCasesForExecution.TestCasesForPC" tests="4" failures="0" timestamp="2020-12-13T15:14:08 IST" time="243.533" errors="0">
  <testcase name="test01_Verify_Logo" time="34.528" classname="testCasesForExecution.TestCasesForPC"/>
  <system-out/>
  <testcase name="test02_ContactUs_SeeForYouselfButton" time="64.833" classname="testCasesForExecution.TestCasesForPC"/>
  <system-out/>
  <testcase name="test03_Click_On_Map_Maker_Tab" time="104.642" classname="testCasesForExecution.TestCasesForPC"/>
  <system-out/>
  <testcase name="test04_HyperlinkText" time="39.530" classname="testCasesForExecution.TestCasesForPC"/>
  <system-out/>
</testsuite> <!-- testCasesForExecution.TestCasesForPC -->
